#
# There is insufficient memory for the Java Runtime Environment to continue.
# Native memory allocation (malloc) failed to allocate 161584 bytes for Chunk::new
# Possible reasons:
#   The system is out of physical RAM or swap space
#   The process is running with CompressedOops enabled, and the Java Heap may be blocking the growth of the native heap
# Possible solutions:
#   Reduce memory load on the system
#   Increase physical memory or swap space
#   Check if swap backing store is full
#   Decrease Java heap size (-Xmx/-Xms)
#   Decrease number of Java threads
#   Decrease Java thread stack sizes (-Xss)
#   Set larger code cache with -XX:ReservedCodeCacheSize=
#   JVM is running with Unscaled Compressed Oops mode in which the Java heap is
#     placed in the first 4GB address space. The Java Heap base address is the
#     maximum limit for the native heap growth. Please use -XX:HeapBaseMinAddress
#     to set the Java Heap base and to place the Java Heap above 4GB virtual address.
# This output file may be truncated or incomplete.
#
#  Out of Memory Error (arena.cpp:191), pid=7608, tid=9592
#
# JRE version: OpenJDK Runtime Environment (17.0.9) (build 17.0.9+0--11185874)
# Java VM: OpenJDK 64-Bit Server VM (17.0.9+0--11185874, mixed mode, tiered, compressed oops, compressed class ptrs, g1 gc, windows-amd64)
# No core dump will be written. Minidumps are not enabled by default on client versions of Windows
#

---------------  S U M M A R Y ------------

Command Line: -Xmx64m -Xms64m -Dorg.gradle.appname=gradlew org.gradle.wrapper.GradleWrapperMain app:assembleDebug -x lint -x test --configure-on-demand --build-cache -PreactNativeDevServerPort=8081

Host: Intel(R) Core(TM) i5-6500 CPU @ 3.20GHz, 4 cores, 15G,  Windows 10 , 64 bit Build 19041 (10.0.19041.3636)
Time: Thu Apr 11 11:59:52 2024 India Standard Time elapsed time: 181.558684 seconds (0d 0h 3m 1s)

---------------  T H R E A D  ---------------

Current thread (0x000001fb17ed9130):  JavaThread "C2 CompilerThread0" daemon [_thread_in_native, id=9592, stack(0x000000a46aa00000,0x000000a46ab00000)]


Current CompileTask:
C2: 181558 1816       4       org.gradle.internal.logging.console.DefaultWorkInProgressFormatter::format (102 bytes)

Stack: [0x000000a46aa00000,0x000000a46ab00000]
Native frames: (J=compiled Java code, j=interpreted, Vv=VM code, C=native code)
V  [jvm.dll+0x6886e9]
V  [jvm.dll+0x841e4a]
V  [jvm.dll+0x843a8e]
V  [jvm.dll+0x8440f3]
V  [jvm.dll+0x24c14f]
V  [jvm.dll+0xac44c]
V  [jvm.dll+0xaca9c]
V  [jvm.dll+0x36c1f7]
V  [jvm.dll+0x1be14d]
V  [jvm.dll+0x21df09]
V  [jvm.dll+0x21d1d1]
V  [jvm.dll+0x1a674d]
V  [jvm.dll+0x22d088]
V  [jvm.dll+0x22b1c0]
V  [jvm.dll+0x7f62f7]
V  [jvm.dll+0x7f06aa]
V  [jvm.dll+0x687565]
C  [ucrtbase.dll+0x21bb2]
C  [KERNEL32.DLL+0x17344]
C  [ntdll.dll+0x526b1]


---------------  P R O C E S S  ---------------

Threads class SMR info:
_java_thread_list=0x000001fb1d34a200, length=15, elements={
0x000001fb01391250, 0x000001fb17e76910, 0x000001fb17e78f40, 0x000001fb17eaf140,
0x000001fb17ed4910, 0x000001fb17ed72e0, 0x000001fb17ed7ca0, 0x000001fb17ed9130,
0x000001fb17eda380, 0x000001fb17edcd90, 0x000001fb182a0a80, 0x000001fb182a1200,
0x000001fb189d42f0, 0x000001fb189d4d10, 0x000001fb189d1560
}

Java Threads: ( => current thread )
  0x000001fb01391250 JavaThread "main" [_thread_in_native, id=5352, stack(0x000000a469d00000,0x000000a469e00000)]
  0x000001fb17e76910 JavaThread "Reference Handler" daemon [_thread_blocked, id=13776, stack(0x000000a46a400000,0x000000a46a500000)]
  0x000001fb17e78f40 JavaThread "Finalizer" daemon [_thread_blocked, id=13176, stack(0x000000a46a500000,0x000000a46a600000)]
  0x000001fb17eaf140 JavaThread "Signal Dispatcher" daemon [_thread_blocked, id=14300, stack(0x000000a46a600000,0x000000a46a700000)]
  0x000001fb17ed4910 JavaThread "Attach Listener" daemon [_thread_blocked, id=8756, stack(0x000000a46a700000,0x000000a46a800000)]
  0x000001fb17ed72e0 JavaThread "Service Thread" daemon [_thread_blocked, id=1664, stack(0x000000a46a800000,0x000000a46a900000)]
  0x000001fb17ed7ca0 JavaThread "Monitor Deflation Thread" daemon [_thread_blocked, id=13152, stack(0x000000a46a900000,0x000000a46aa00000)]
=>0x000001fb17ed9130 JavaThread "C2 CompilerThread0" daemon [_thread_in_native, id=9592, stack(0x000000a46aa00000,0x000000a46ab00000)]
  0x000001fb17eda380 JavaThread "C1 CompilerThread0" daemon [_thread_blocked, id=14292, stack(0x000000a46ab00000,0x000000a46ac00000)]
  0x000001fb17edcd90 JavaThread "Sweeper thread" daemon [_thread_blocked, id=3168, stack(0x000000a46ac00000,0x000000a46ad00000)]
  0x000001fb182a0a80 JavaThread "Notification Thread" daemon [_thread_blocked, id=15144, stack(0x000000a46ad00000,0x000000a46ae00000)]
  0x000001fb182a1200 JavaThread "Common-Cleaner" daemon [_thread_blocked, id=14872, stack(0x000000a46af00000,0x000000a46b000000)]
  0x000001fb189d42f0 JavaThread "pool-1-thread-1" [_thread_blocked, id=14644, stack(0x000000a46b400000,0x000000a46b500000)]
  0x000001fb189d4d10 JavaThread "DisconnectableInputStream source reader" daemon [_thread_in_native, id=14984, stack(0x000000a46b500000,0x000000a46b600000)]
  0x000001fb189d1560 JavaThread "Forward input" [_thread_blocked, id=6388, stack(0x000000a46b600000,0x000000a46b700000)]

Other Threads:
  0x000001fb0144ec90 VMThread "VM Thread" [stack: 0x000000a46a300000,0x000000a46a400000] [id=15204]
  0x000001fb182a0f60 WatcherThread [stack: 0x000000a46ae00000,0x000000a46af00000] [id=2280]
  0x000001fb013afbb0 GCTaskThread "GC Thread#0" [stack: 0x000000a469e00000,0x000000a469f00000] [id=14180]
  0x000001fb1870c8a0 GCTaskThread "GC Thread#1" [stack: 0x000000a46b100000,0x000000a46b200000] [id=14744]
  0x000001fb18852c60 GCTaskThread "GC Thread#2" [stack: 0x000000a46b200000,0x000000a46b300000] [id=8016]
  0x000001fb187bdc30 GCTaskThread "GC Thread#3" [stack: 0x000000a46b300000,0x000000a46b400000] [id=11872]
  0x000001fb013b1300 ConcurrentGCThread "G1 Main Marker" [stack: 0x000000a469f00000,0x000000a46a000000] [id=4128]
  0x000001fb013b1d20 ConcurrentGCThread "G1 Conc#0" [stack: 0x000000a46a000000,0x000000a46a100000] [id=6692]
  0x000001fb01403ac0 ConcurrentGCThread "G1 Refine#0" [stack: 0x000000a46a100000,0x000000a46a200000] [id=6888]
  0x000001fb014044f0 ConcurrentGCThread "G1 Service" [stack: 0x000000a46a200000,0x000000a46a300000] [id=3472]

Threads with active compile tasks:
C2 CompilerThread0   181582 1816       4       org.gradle.internal.logging.console.DefaultWorkInProgressFormatter::format (102 bytes)

VM state: not at safepoint (normal execution)

VM Mutex/Monitor currently owned by a thread: None

Heap address: 0x00000000fc000000, size: 64 MB, Compressed Oops mode: 32-bit

CDS archive(s) not mapped
Compressed class space mapped at: 0x0000000100000000-0x0000000140000000, reserved size: 1073741824
Narrow klass base: 0x0000000000000000, Narrow klass shift: 3, Narrow klass range: 0x140000000

GC Precious Log:
 CPUs: 4 total, 4 available
 Memory: 16284M
 Large Page Support: Disabled
 NUMA Support: Disabled
 Compressed Oops: Enabled (32-bit)
 Heap Region Size: 1M
 Heap Min Capacity: 64M
 Heap Initial Capacity: 64M
 Heap Max Capacity: 64M
 Pre-touch: Disabled
 Parallel Workers: 4
 Concurrent Workers: 1
 Concurrent Refinement Workers: 4
 Periodic GC: Disabled

Heap:
 garbage-first heap   total 65536K, used 28357K [0x00000000fc000000, 0x0000000100000000)
  region size 1024K, 21 young (21504K), 3 survivors (3072K)
 Metaspace       used 17655K, committed 17920K, reserved 1114112K
  class space    used 2030K, committed 2176K, reserved 1048576K

Heap Regions: E=young(eden), S=young(survivor), O=old, HS=humongous(starts), HC=humongous(continues), CS=collection set, F=free, OA=open archive, CA=closed archive, TAMS=top-at-mark-start (previous, next)
|   0|0x00000000fc000000, 0x00000000fc100000, 0x00000000fc100000|100%| O|  |TAMS 0x00000000fc000000, 0x00000000fc000000| Untracked 
|   1|0x00000000fc100000, 0x00000000fc200000, 0x00000000fc200000|100%| O|  |TAMS 0x00000000fc100000, 0x00000000fc100000| Untracked 
|   2|0x00000000fc200000, 0x00000000fc300000, 0x00000000fc300000|100%|HS|  |TAMS 0x00000000fc200000, 0x00000000fc200000| Complete 
|   3|0x00000000fc300000, 0x00000000fc400000, 0x00000000fc400000|100%|HC|  |TAMS 0x00000000fc300000, 0x00000000fc300000| Complete 
|   4|0x00000000fc400000, 0x00000000fc500000, 0x00000000fc500000|100%|HC|  |TAMS 0x00000000fc400000, 0x00000000fc400000| Complete 
|   5|0x00000000fc500000, 0x00000000fc600000, 0x00000000fc600000|100%|HC|  |TAMS 0x00000000fc500000, 0x00000000fc500000| Complete 
|   6|0x00000000fc600000, 0x00000000fc700000, 0x00000000fc700000|100%| O|  |TAMS 0x00000000fc600000, 0x00000000fc600000| Untracked 
|   7|0x00000000fc700000, 0x00000000fc7b1400, 0x00000000fc800000| 69%| O|  |TAMS 0x00000000fc700000, 0x00000000fc700000| Untracked 
|   8|0x00000000fc800000, 0x00000000fc800000, 0x00000000fc900000|  0%| F|  |TAMS 0x00000000fc800000, 0x00000000fc800000| Untracked 
|   9|0x00000000fc900000, 0x00000000fc900000, 0x00000000fca00000|  0%| F|  |TAMS 0x00000000fc900000, 0x00000000fc900000| Untracked 
|  10|0x00000000fca00000, 0x00000000fca00000, 0x00000000fcb00000|  0%| F|  |TAMS 0x00000000fca00000, 0x00000000fca00000| Untracked 
|  11|0x00000000fcb00000, 0x00000000fcb00000, 0x00000000fcc00000|  0%| F|  |TAMS 0x00000000fcb00000, 0x00000000fcb00000| Untracked 
|  12|0x00000000fcc00000, 0x00000000fcc00000, 0x00000000fcd00000|  0%| F|  |TAMS 0x00000000fcc00000, 0x00000000fcc00000| Untracked 
|  13|0x00000000fcd00000, 0x00000000fcd00000, 0x00000000fce00000|  0%| F|  |TAMS 0x00000000fcd00000, 0x00000000fcd00000| Untracked 
|  14|0x00000000fce00000, 0x00000000fce00000, 0x00000000fcf00000|  0%| F|  |TAMS 0x00000000fce00000, 0x00000000fce00000| Untracked 
|  15|0x00000000fcf00000, 0x00000000fcf00000, 0x00000000fd000000|  0%| F|  |TAMS 0x00000000fcf00000, 0x00000000fcf00000| Untracked 
|  16|0x00000000fd000000, 0x00000000fd000000, 0x00000000fd100000|  0%| F|  |TAMS 0x00000000fd000000, 0x00000000fd000000| Untracked 
|  17|0x00000000fd100000, 0x00000000fd100000, 0x00000000fd200000|  0%| F|  |TAMS 0x00000000fd100000, 0x00000000fd100000| Untracked 
|  18|0x00000000fd200000, 0x00000000fd200000, 0x00000000fd300000|  0%| F|  |TAMS 0x00000000fd200000, 0x00000000fd200000| Untracked 
|  19|0x00000000fd300000, 0x00000000fd300000, 0x00000000fd400000|  0%| F|  |TAMS 0x00000000fd300000, 0x00000000fd300000| Untracked 
|  20|0x00000000fd400000, 0x00000000fd400000, 0x00000000fd500000|  0%| F|  |TAMS 0x00000000fd400000, 0x00000000fd400000| Untracked 
|  21|0x00000000fd500000, 0x00000000fd500000, 0x00000000fd600000|  0%| F|  |TAMS 0x00000000fd500000, 0x00000000fd500000| Untracked 
|  22|0x00000000fd600000, 0x00000000fd600000, 0x00000000fd700000|  0%| F|  |TAMS 0x00000000fd600000, 0x00000000fd600000| Untracked 
|  23|0x00000000fd700000, 0x00000000fd700000, 0x00000000fd800000|  0%| F|  |TAMS 0x00000000fd700000, 0x00000000fd700000| Untracked 
|  24|0x00000000fd800000, 0x00000000fd800000, 0x00000000fd900000|  0%| F|  |TAMS 0x00000000fd800000, 0x00000000fd800000| Untracked 
|  25|0x00000000fd900000, 0x00000000fd900000, 0x00000000fda00000|  0%| F|  |TAMS 0x00000000fd900000, 0x00000000fd900000| Untracked 
|  26|0x00000000fda00000, 0x00000000fda00000, 0x00000000fdb00000|  0%| F|  |TAMS 0x00000000fda00000, 0x00000000fda00000| Untracked 
|  27|0x00000000fdb00000, 0x00000000fdb00000, 0x00000000fdc00000|  0%| F|  |TAMS 0x00000000fdb00000, 0x00000000fdb00000| Untracked 
|  28|0x00000000fdc00000, 0x00000000fdc00000, 0x00000000fdd00000|  0%| F|  |TAMS 0x00000000fdc00000, 0x00000000fdc00000| Untracked 
|  29|0x00000000fdd00000, 0x00000000fdd00000, 0x00000000fde00000|  0%| F|  |TAMS 0x00000000fdd00000, 0x00000000fdd00000| Untracked 
|  30|0x00000000fde00000, 0x00000000fde00000, 0x00000000fdf00000|  0%| F|  |TAMS 0x00000000fde00000, 0x00000000fde00000| Untracked 
|  31|0x00000000fdf00000, 0x00000000fdf00000, 0x00000000fe000000|  0%| F|  |TAMS 0x00000000fdf00000, 0x00000000fdf00000| Untracked 
|  32|0x00000000fe000000, 0x00000000fe000000, 0x00000000fe100000|  0%| F|  |TAMS 0x00000000fe000000, 0x00000000fe000000| Untracked 
|  33|0x00000000fe100000, 0x00000000fe100000, 0x00000000fe200000|  0%| F|  |TAMS 0x00000000fe100000, 0x00000000fe100000| Untracked 
|  34|0x00000000fe200000, 0x00000000fe200000, 0x00000000fe300000|  0%| F|  |TAMS 0x00000000fe200000, 0x00000000fe200000| Untracked 
|  35|0x00000000fe300000, 0x00000000fe300000, 0x00000000fe400000|  0%| F|  |TAMS 0x00000000fe300000, 0x00000000fe300000| Untracked 
|  36|0x00000000fe400000, 0x00000000fe400000, 0x00000000fe500000|  0%| F|  |TAMS 0x00000000fe400000, 0x00000000fe400000| Untracked 
|  37|0x00000000fe500000, 0x00000000fe500000, 0x00000000fe600000|  0%| F|  |TAMS 0x00000000fe500000, 0x00000000fe500000| Untracked 
|  38|0x00000000fe600000, 0x00000000fe600000, 0x00000000fe700000|  0%| F|  |TAMS 0x00000000fe600000, 0x00000000fe600000| Untracked 
|  39|0x00000000fe700000, 0x00000000fe700000, 0x00000000fe800000|  0%| F|  |TAMS 0x00000000fe700000, 0x00000000fe700000| Untracked 
|  40|0x00000000fe800000, 0x00000000fe800000, 0x00000000fe900000|  0%| F|  |TAMS 0x00000000fe800000, 0x00000000fe800000| Untracked 
|  41|0x00000000fe900000, 0x00000000fe900000, 0x00000000fea00000|  0%| F|  |TAMS 0x00000000fe900000, 0x00000000fe900000| Untracked 
|  42|0x00000000fea00000, 0x00000000fea00000, 0x00000000feb00000|  0%| F|  |TAMS 0x00000000fea00000, 0x00000000fea00000| Untracked 
|  43|0x00000000feb00000, 0x00000000fec00000, 0x00000000fec00000|100%| S|CS|TAMS 0x00000000feb00000, 0x00000000feb00000| Complete 
|  44|0x00000000fec00000, 0x00000000fed00000, 0x00000000fed00000|100%| S|CS|TAMS 0x00000000fec00000, 0x00000000fec00000| Complete 
|  45|0x00000000fed00000, 0x00000000fee00000, 0x00000000fee00000|100%| S|CS|TAMS 0x00000000fed00000, 0x00000000fed00000| Complete 
|  46|0x00000000fee00000, 0x00000000fef00000, 0x00000000fef00000|100%| E|  |TAMS 0x00000000fee00000, 0x00000000fee00000| Complete 
|  47|0x00000000fef00000, 0x00000000ff000000, 0x00000000ff000000|100%| E|CS|TAMS 0x00000000fef00000, 0x00000000fef00000| Complete 
|  48|0x00000000ff000000, 0x00000000ff100000, 0x00000000ff100000|100%| E|CS|TAMS 0x00000000ff000000, 0x00000000ff000000| Complete 
|  49|0x00000000ff100000, 0x00000000ff200000, 0x00000000ff200000|100%| E|CS|TAMS 0x00000000ff100000, 0x00000000ff100000| Complete 
|  50|0x00000000ff200000, 0x00000000ff300000, 0x00000000ff300000|100%| E|CS|TAMS 0x00000000ff200000, 0x00000000ff200000| Complete 
|  51|0x00000000ff300000, 0x00000000ff400000, 0x00000000ff400000|100%| E|CS|TAMS 0x00000000ff300000, 0x00000000ff300000| Complete 
|  52|0x00000000ff400000, 0x00000000ff500000, 0x00000000ff500000|100%| E|CS|TAMS 0x00000000ff400000, 0x00000000ff400000| Complete 
|  53|0x00000000ff500000, 0x00000000ff600000, 0x00000000ff600000|100%| E|CS|TAMS 0x00000000ff500000, 0x00000000ff500000| Complete 
|  54|0x00000000ff600000, 0x00000000ff700000, 0x00000000ff700000|100%| E|CS|TAMS 0x00000000ff600000, 0x00000000ff600000| Complete 
|  55|0x00000000ff700000, 0x00000000ff800000, 0x00000000ff800000|100%| E|CS|TAMS 0x00000000ff700000, 0x00000000ff700000| Complete 
|  56|0x00000000ff800000, 0x00000000ff900000, 0x00000000ff900000|100%| E|CS|TAMS 0x00000000ff800000, 0x00000000ff800000| Complete 
|  57|0x00000000ff900000, 0x00000000ffa00000, 0x00000000ffa00000|100%| E|CS|TAMS 0x00000000ff900000, 0x00000000ff900000| Complete 
|  58|0x00000000ffa00000, 0x00000000ffb00000, 0x00000000ffb00000|100%| E|CS|TAMS 0x00000000ffa00000, 0x00000000ffa00000| Complete 
|  59|0x00000000ffb00000, 0x00000000ffc00000, 0x00000000ffc00000|100%| E|CS|TAMS 0x00000000ffb00000, 0x00000000ffb00000| Complete 
|  60|0x00000000ffc00000, 0x00000000ffd00000, 0x00000000ffd00000|100%| E|CS|TAMS 0x00000000ffc00000, 0x00000000ffc00000| Complete 
|  61|0x00000000ffd00000, 0x00000000ffe00000, 0x00000000ffe00000|100%| E|CS|TAMS 0x00000000ffd00000, 0x00000000ffd00000| Complete 
|  62|0x00000000ffe00000, 0x00000000fff00000, 0x00000000fff00000|100%| E|CS|TAMS 0x00000000ffe00000, 0x00000000ffe00000| Complete 
|  63|0x00000000fff00000, 0x0000000100000000, 0x0000000100000000|100%| E|CS|TAMS 0x00000000fff00000, 0x00000000fff00000| Complete 

Card table byte_map: [0x000001fb156a0000,0x000001fb156c0000] _byte_map_base: 0x000001fb14ec0000

Marking Bits (Prev, Next): (CMBitMap*) 0x000001fb013b01d0, (CMBitMap*) 0x000001fb013b0210
 Prev Bits: [0x000001fb156e0000, 0x000001fb157e0000)
 Next Bits: [0x000001fb157e0000, 0x000001fb158e0000)

Polling page: 0x000001fb01450000

Metaspace:

Usage:
  Non-class:     15.26 MB used.
      Class:      1.98 MB used.
       Both:     17.24 MB used.

Virtual space:
  Non-class space:       64.00 MB reserved,      15.38 MB ( 24%) committed,  1 nodes.
      Class space:        1.00 GB reserved,       2.12 MB ( <1%) committed,  1 nodes.
             Both:        1.06 GB reserved,      17.50 MB (  2%) committed. 

Chunk freelists:
   Non-Class:  416.00 KB
       Class:  13.92 MB
        Both:  14.33 MB

MaxMetaspaceSize: unlimited
CompressedClassSpaceSize: 1.00 GB
Initial GC threshold: 21.00 MB
Current GC threshold: 21.00 MB
CDS: off
MetaspaceReclaimPolicy: balanced
 - commit_granule_bytes: 65536.
 - commit_granule_words: 8192.
 - virtual_space_node_default_size: 8388608.
 - enlarge_chunks_in_place: 1.
 - new_chunks_are_fully_committed: 0.
 - uncommit_free_chunks: 1.
 - use_allocation_guard: 0.
 - handle_deallocations: 1.


Internal statistics:

num_allocs_failed_limit: 0.
num_arena_births: 78.
num_arena_deaths: 0.
num_vsnodes_births: 2.
num_vsnodes_deaths: 0.
num_space_committed: 280.
num_space_uncommitted: 0.
num_chunks_returned_to_freelist: 0.
num_chunks_taken_from_freelist: 361.
num_chunk_merges: 0.
num_chunk_splits: 231.
num_chunks_enlarged: 190.
num_inconsistent_stats: 0.

CodeHeap 'non-profiled nmethods': size=120000Kb used=794Kb max_used=794Kb free=119205Kb
 bounds [0x000001fb0db50000, 0x000001fb0ddc0000, 0x000001fb15080000]
CodeHeap 'profiled nmethods': size=120000Kb used=3317Kb max_used=3317Kb free=116682Kb
 bounds [0x000001fb06080000, 0x000001fb063c0000, 0x000001fb0d5b0000]
CodeHeap 'non-nmethods': size=5760Kb used=1171Kb max_used=1216Kb free=4588Kb
 bounds [0x000001fb0d5b0000, 0x000001fb0d820000, 0x000001fb0db50000]
 total_blobs=2285 nmethods=1815 adapters=383
 compilation: enabled
              stopped_count=0, restarted_count=0
 full_count=0

Compilation events (20 events):
Event: 168.240 Thread 0x000001fb17eda380 nmethod 1806 0x000001fb063bab10 code [0x000001fb063bad00, 0x000001fb063bb368]
Event: 168.281 Thread 0x000001fb17eda380 1807       3       org.fusesource.jansi.Ansi::eraseLine (11 bytes)
Event: 168.281 Thread 0x000001fb17eda380 nmethod 1807 0x000001fb063bb590 code [0x000001fb063bb740, 0x000001fb063bb8a8]
Event: 168.283 Thread 0x000001fb17eda380 1808       3       org.gradle.internal.logging.console.MultiLineBuildProgressArea::newLineAdjustment (50 bytes)
Event: 168.284 Thread 0x000001fb17eda380 nmethod 1808 0x000001fb063bb990 code [0x000001fb063bbb80, 0x000001fb063bc0e8]
Event: 175.131 Thread 0x000001fb17ed9130 1809       4       com.google.common.base.Preconditions::checkNotNull (14 bytes)
Event: 175.134 Thread 0x000001fb17ed9130 nmethod 1809 0x000001fb0dc12e90 code [0x000001fb0dc13000, 0x000001fb0dc13078]
Event: 175.756 Thread 0x000001fb17eda380 1810       3       com.google.common.base.Preconditions::checkPositionIndex (8 bytes)
Event: 175.756 Thread 0x000001fb17eda380 nmethod 1810 0x000001fb063bc310 code [0x000001fb063bc4a0, 0x000001fb063bc5c8]
Event: 175.756 Thread 0x000001fb17eda380 1811       3       com.google.common.base.Preconditions::checkPositionIndex (25 bytes)
Event: 175.756 Thread 0x000001fb17eda380 nmethod 1811 0x000001fb063bc690 code [0x000001fb063bc840, 0x000001fb063bca98]
Event: 177.599 Thread 0x000001fb17eda380 1812       3       org.gradle.internal.logging.console.Cursor::at (20 bytes)
Event: 177.599 Thread 0x000001fb17eda380 nmethod 1812 0x000001fb063bcb90 code [0x000001fb063bcd40, 0x000001fb063bcf58]
Event: 177.599 Thread 0x000001fb17ed9130 1813       4       org.gradle.internal.logging.console.MultiLineBuildProgressArea::setVisible (43 bytes)
Event: 177.605 Thread 0x000001fb17ed9130 nmethod 1813 0x000001fb0dc13190 code [0x000001fb0dc13340, 0x000001fb0dc13738]
Event: 178.816 Thread 0x000001fb17ed9130 1814       4       org.fusesource.jansi.Ansi::flushAttributes (94 bytes)
Event: 178.850 Thread 0x000001fb17ed9130 nmethod 1814 0x000001fb0dc13a10 code [0x000001fb0dc13c80, 0x000001fb0dc15b40]
Event: 181.520 Thread 0x000001fb17eda380 1815       3       java.util.ArrayList::toArray (12 bytes)
Event: 181.520 Thread 0x000001fb17eda380 nmethod 1815 0x000001fb063bd090 code [0x000001fb063bd240, 0x000001fb063bd408]
Event: 181.534 Thread 0x000001fb17ed9130 1816       4       org.gradle.internal.logging.console.DefaultWorkInProgressFormatter::format (102 bytes)

GC Heap History (4 events):
Event: 0.395 GC heap before
{Heap before GC invocations=0 (full 0):
 garbage-first heap   total 65536K, used 12288K [0x00000000fc000000, 0x0000000100000000)
  region size 1024K, 13 young (13312K), 0 survivors (0K)
 Metaspace       used 8348K, committed 8448K, reserved 1114112K
  class space    used 740K, committed 768K, reserved 1048576K
}
Event: 0.399 GC heap after
{Heap after GC invocations=1 (full 0):
 garbage-first heap   total 65536K, used 3378K [0x00000000fc000000, 0x0000000100000000)
  region size 1024K, 2 young (2048K), 2 survivors (2048K)
 Metaspace       used 8348K, committed 8448K, reserved 1114112K
  class space    used 740K, committed 768K, reserved 1048576K
}
Event: 0.758 GC heap before
{Heap before GC invocations=1 (full 0):
 garbage-first heap   total 65536K, used 22834K [0x00000000fc000000, 0x0000000100000000)
  region size 1024K, 18 young (18432K), 2 survivors (2048K)
 Metaspace       used 12874K, committed 13120K, reserved 1114112K
  class space    used 1426K, committed 1536K, reserved 1048576K
}
Event: 0.761 GC heap after
{Heap after GC invocations=2 (full 0):
 garbage-first heap   total 65536K, used 10949K [0x00000000fc000000, 0x0000000100000000)
  region size 1024K, 3 young (3072K), 3 survivors (3072K)
 Metaspace       used 12874K, committed 13120K, reserved 1114112K
  class space    used 1426K, committed 1536K, reserved 1048576K
}

Dll operation events (2 events):
Event: 0.006 Loaded shared library C:\Program Files\Android\Android Studio\jbr\bin\java.dll
Event: 0.424 Loaded shared library C:\Program Files\Android\Android Studio\jbr\bin\verify.dll

Deoptimization events (20 events):
Event: 1.060 Thread 0x000001fb01391250 Uncommon trap: trap_request=0xffffff45 fr.pc=0x000001fb0db925a4 relative=0x0000000000000664
Event: 1.060 Thread 0x000001fb01391250 Uncommon trap: reason=unstable_if action=reinterpret pc=0x000001fb0db925a4 method=java.lang.AbstractStringBuilder.append(Ljava/lang/String;)Ljava/lang/AbstractStringBuilder; @ 1 c2
Event: 1.060 Thread 0x000001fb01391250 DEOPT PACKING pc=0x000001fb0db925a4 sp=0x000000a469dfc2e0
Event: 1.060 Thread 0x000001fb01391250 DEOPT UNPACKING pc=0x000001fb0d6069a3 sp=0x000000a469dfc2c8 mode 2
Event: 1.117 Thread 0x000001fb01391250 Uncommon trap: trap_request=0xffffff45 fr.pc=0x000001fb0db9d234 relative=0x00000000000003f4
Event: 1.117 Thread 0x000001fb01391250 Uncommon trap: reason=unstable_if action=reinterpret pc=0x000001fb0db9d234 method=java.util.regex.Matcher.match(II)Z @ 76 c2
Event: 1.117 Thread 0x000001fb01391250 DEOPT PACKING pc=0x000001fb0db9d234 sp=0x000000a469dfb5b0
Event: 1.117 Thread 0x000001fb01391250 DEOPT UNPACKING pc=0x000001fb0d6069a3 sp=0x000000a469dfb568 mode 2
Event: 70.458 Thread 0x000001fb189d42f0 DEOPT PACKING pc=0x000001fb0634a503 sp=0x000000a46b4fe560
Event: 70.458 Thread 0x000001fb189d42f0 DEOPT UNPACKING pc=0x000001fb0d607143 sp=0x000000a46b4fd9d0 mode 0
Event: 83.284 Thread 0x000001fb01391250 Uncommon trap: trap_request=0xffffff45 fr.pc=0x000001fb0dbd71e4 relative=0x00000000000001c4
Event: 83.284 Thread 0x000001fb01391250 Uncommon trap: reason=unstable_if action=reinterpret pc=0x000001fb0dbd71e4 method=com.esotericsoftware.kryo.io.Input.require(I)I @ 65 c2
Event: 83.284 Thread 0x000001fb01391250 DEOPT PACKING pc=0x000001fb0dbd71e4 sp=0x000000a469dfc140
Event: 83.284 Thread 0x000001fb01391250 DEOPT UNPACKING pc=0x000001fb0d6069a3 sp=0x000000a469dfc0f0 mode 2
Event: 126.574 Thread 0x000001fb189d42f0 DEOPT PACKING pc=0x000001fb06373f64 sp=0x000000a46b4fe8d0
Event: 126.574 Thread 0x000001fb189d42f0 DEOPT UNPACKING pc=0x000001fb0d607143 sp=0x000000a46b4fdda0 mode 0
Event: 181.483 Thread 0x000001fb01391250 Uncommon trap: trap_request=0xffffff45 fr.pc=0x000001fb0dbf9ff0 relative=0x0000000000003330
Event: 181.483 Thread 0x000001fb01391250 Uncommon trap: reason=unstable_if action=reinterpret pc=0x000001fb0dbf9ff0 method=org.gradle.internal.logging.sink.OutputEventTransformer.onOutput(Lorg/gradle/internal/logging/events/OutputEvent;)V @ 325 c2
Event: 181.483 Thread 0x000001fb01391250 DEOPT PACKING pc=0x000001fb0dbf9ff0 sp=0x000000a469dfc790
Event: 181.483 Thread 0x000001fb01391250 DEOPT UNPACKING pc=0x000001fb0d6069a3 sp=0x000000a469dfc798 mode 2

Classes unloaded (0 events):
No events

Classes redefined (0 events):
No events

Internal exceptions (18 events):
Event: 0.208 Thread 0x000001fb01391250 Exception <a 'java/lang/NoSuchMethodError'{0x00000000ffc5c230}: 'int java.lang.invoke.DirectMethodHandle$Holder.invokeStaticInit(java.lang.Object, java.lang.Object)'> (0x00000000ffc5c230) 
thrown [s\src\hotspot\share\interpreter\linkResolver.cpp, line 771]
Event: 0.610 Thread 0x000001fb01391250 Exception <a 'java/lang/NoSuchMethodError'{0x00000000ff66f000}: 'void java.lang.invoke.DirectMethodHandle$Holder.invokeStatic(java.lang.Object, java.lang.Object)'> (0x00000000ff66f000) 
thrown [s\src\hotspot\share\interpreter\linkResolver.cpp, line 771]
Event: 0.627 Thread 0x000001fb01391250 Exception <a 'java/lang/NoClassDefFoundError'{0x00000000ff6f3098}: org/slf4j/impl/StaticMarkerBinder> (0x00000000ff6f3098) 
thrown [s\src\hotspot\share\classfile\systemDictionary.cpp, line 245]
Event: 0.642 Thread 0x000001fb01391250 Exception <a 'java/lang/NoSuchMethodError'{0x00000000ff593aa8}: 'java.lang.Object java.lang.invoke.DirectMethodHandle$Holder.invokeVirtual(java.lang.Object, java.lang.Object, java.lang.Object, java.lang.Object, java.lang.Object, java.lang.Object, java.lang.Object)'> (0x00000000ff593aa8) 
thrown [s\src\hotspot\share\interpreter\linkResolver.cpp, line 771]
Event: 0.644 Thread 0x000001fb01391250 Exception <a 'java/lang/NoSuchMethodError'{0x00000000ff5a5298}: 'java.lang.Object java.lang.invoke.Invokers$Holder.invoker(java.lang.Object, java.lang.Object, java.lang.Object)'> (0x00000000ff5a5298) 
thrown [s\src\hotspot\share\interpreter\linkResolver.cpp, line 771]
Event: 0.646 Thread 0x000001fb01391250 Exception <a 'java/lang/NoSuchMethodError'{0x00000000ff5ae340}: 'java.lang.Object java.lang.invoke.DirectMethodHandle$Holder.invokeStatic(java.lang.Object, java.lang.Object, int)'> (0x00000000ff5ae340) 
thrown [s\src\hotspot\share\interpreter\linkResolver.cpp, line 771]
Event: 0.647 Thread 0x000001fb01391250 Exception <a 'java/lang/NoSuchMethodError'{0x00000000ff5ba030}: 'void java.lang.invoke.DelegatingMethodHandle$Holder.delegate(java.lang.Object, java.lang.Object, int, java.lang.Object)'> (0x00000000ff5ba030) 
thrown [s\src\hotspot\share\interpreter\linkResolver.cpp, line 771]
Event: 0.648 Thread 0x000001fb01391250 Exception <a 'java/lang/NoSuchMethodError'{0x00000000ff5be178}: 'int java.lang.invoke.DirectMethodHandle$Holder.invokeSpecial(java.lang.Object, java.lang.Object, java.lang.Object)'> (0x00000000ff5be178) 
thrown [s\src\hotspot\share\interpreter\linkResolver.cpp, line 771]
Event: 0.650 Thread 0x000001fb01391250 Exception <a 'java/lang/NoSuchMethodError'{0x00000000ff5d1398}: 'java.lang.Object java.lang.invoke.Invokers$Holder.invokeExact_MT(java.lang.Object, java.lang.Object, java.lang.Object, java.lang.Object)'> (0x00000000ff5d1398) 
thrown [s\src\hotspot\share\interpreter\linkResolver.cpp, line 771]
Event: 0.772 Thread 0x000001fb01391250 Exception <a 'java/lang/NoSuchMethodError'{0x00000000fffbf9a8}: 'void java.lang.invoke.DirectMethodHandle$Holder.invokeSpecial(java.lang.Object, java.lang.Object, java.lang.Object)'> (0x00000000fffbf9a8) 
thrown [s\src\hotspot\share\interpreter\linkResolver.cpp, line 771]
Event: 0.782 Thread 0x000001fb01391250 Implicit null exception at 0x000001fb0dba198f to 0x000001fb0dba1f04
Event: 0.782 Thread 0x000001fb01391250 Implicit null exception at 0x000001fb0db8e18f to 0x000001fb0db8e70c
Event: 0.799 Thread 0x000001fb01391250 Exception <a 'java/lang/NoSuchMethodError'{0x00000000ffd3ced8}: 'java.lang.Object java.lang.invoke.DirectMethodHandle$Holder.invokeStaticInit(java.lang.Object)'> (0x00000000ffd3ced8) 
thrown [s\src\hotspot\share\interpreter\linkResolver.cpp, line 771]
Event: 0.965 Thread 0x000001fb01391250 Exception <a 'java/lang/NoSuchMethodError'{0x00000000ff96b8d0}: 'java.lang.Object java.lang.invoke.DirectMethodHandle$Holder.invokeStaticInit(java.lang.Object, int, int, int, int)'> (0x00000000ff96b8d0) 
thrown [s\src\hotspot\share\interpreter\linkResolver.cpp, line 771]
Event: 1.008 Thread 0x000001fb01391250 Exception <a 'java/lang/NoSuchMethodError'{0x00000000ff9b7028}: 'java.lang.Object java.lang.invoke.DirectMethodHandle$Holder.invokeStaticInit(java.lang.Object, java.lang.Object, int, int, int, int)'> (0x00000000ff9b7028) 
thrown [s\src\hotspot\share\interpreter\linkResolver.cpp, line 771]
Event: 1.046 Thread 0x000001fb01391250 Exception <a 'java/lang/NoSuchMethodError'{0x00000000ff9e2bf8}: 'void java.lang.invoke.DirectMethodHandle$Holder.invokeStatic(java.lang.Object, java.lang.Object, java.lang.Object)'> (0x00000000ff9e2bf8) 
thrown [s\src\hotspot\share\interpreter\linkResolver.cpp, line 771]
Event: 1.060 Thread 0x000001fb01391250 Implicit null exception at 0x000001fb0db83ef2 to 0x000001fb0db8450c
Event: 1.060 Thread 0x000001fb01391250 Implicit null exception at 0x000001fb0db91f72 to 0x000001fb0db9258c

VM Operations (20 events):
Event: 133.629 Executing VM operation: Cleanup
Event: 133.629 Executing VM operation: Cleanup done
Event: 140.666 Executing VM operation: Cleanup
Event: 140.666 Executing VM operation: Cleanup done
Event: 141.666 Executing VM operation: Cleanup
Event: 141.666 Executing VM operation: Cleanup done
Event: 147.695 Executing VM operation: Cleanup
Event: 147.695 Executing VM operation: Cleanup done
Event: 149.712 Executing VM operation: Cleanup
Event: 149.712 Executing VM operation: Cleanup done
Event: 156.748 Executing VM operation: Cleanup
Event: 156.749 Executing VM operation: Cleanup done
Event: 168.847 Executing VM operation: Cleanup
Event: 168.847 Executing VM operation: Cleanup done
Event: 172.857 Executing VM operation: Cleanup
Event: 172.857 Executing VM operation: Cleanup done
Event: 176.868 Executing VM operation: Cleanup
Event: 176.868 Executing VM operation: Cleanup done
Event: 177.874 Executing VM operation: Cleanup
Event: 177.874 Executing VM operation: Cleanup done

Events (20 events):
Event: 4.507 loading class jdk/internal/reflect/ByteVectorImpl
Event: 4.507 loading class jdk/internal/reflect/ByteVector
Event: 4.507 loading class jdk/internal/reflect/ByteVector done
Event: 4.507 loading class jdk/internal/reflect/ByteVectorImpl done
Event: 4.507 loading class jdk/internal/reflect/ClassFileAssembler
Event: 4.507 loading class jdk/internal/reflect/ClassFileAssembler done
Event: 4.507 loading class jdk/internal/reflect/UTF8
Event: 4.508 loading class jdk/internal/reflect/UTF8 done
Event: 4.508 loading class jdk/internal/reflect/Label
Event: 4.508 loading class jdk/internal/reflect/Label done
Event: 4.508 loading class jdk/internal/reflect/Label$PatchInfo
Event: 4.508 loading class jdk/internal/reflect/Label$PatchInfo done
Event: 4.508 loading class jdk/internal/reflect/MethodAccessorGenerator$1
Event: 4.509 loading class jdk/internal/reflect/MethodAccessorGenerator$1 done
Event: 4.509 loading class jdk/internal/reflect/ClassDefiner
Event: 4.509 loading class jdk/internal/reflect/ClassDefiner done
Event: 4.509 loading class jdk/internal/reflect/ClassDefiner$1
Event: 4.509 loading class jdk/internal/reflect/ClassDefiner$1 done
Event: 7.218 loading class java/util/ArrayList$ListItr
Event: 7.218 loading class java/util/ArrayList$ListItr done


Dynamic libraries:
0x00007ff6356b0000 - 0x00007ff6356ba000 	C:\Program Files\Android\Android Studio\jbr\bin\java.exe
0x00007ff988df0000 - 0x00007ff988fe8000 	C:\WINDOWS\SYSTEM32\ntdll.dll
0x00007ff987eb0000 - 0x00007ff987f6d000 	C:\WINDOWS\System32\KERNEL32.DLL
0x00007ff9866e0000 - 0x00007ff9869d6000 	C:\WINDOWS\System32\KERNELBASE.dll
0x00007ff986d20000 - 0x00007ff986e20000 	C:\WINDOWS\System32\ucrtbase.dll
0x00007ff97b430000 - 0x00007ff97b44b000 	C:\Program Files\Android\Android Studio\jbr\bin\VCRUNTIME140.dll
0x00007ff977bb0000 - 0x00007ff977bc7000 	C:\Program Files\Android\Android Studio\jbr\bin\jli.dll
0x00007ff988300000 - 0x00007ff98849f000 	C:\WINDOWS\System32\USER32.dll
0x00007ff986c60000 - 0x00007ff986c82000 	C:\WINDOWS\System32\win32u.dll
0x00007ff97e360000 - 0x00007ff97e5fa000 	C:\WINDOWS\WinSxS\amd64_microsoft.windows.common-controls_6595b64144ccf1df_6.0.19041.3636_none_60b6a03d71f818d5\COMCTL32.dll
0x00007ff987800000 - 0x00007ff98789e000 	C:\WINDOWS\System32\msvcrt.dll
0x00007ff988130000 - 0x00007ff98815b000 	C:\WINDOWS\System32\GDI32.dll
0x00007ff9869e0000 - 0x00007ff986af7000 	C:\WINDOWS\System32\gdi32full.dll
0x00007ff986b00000 - 0x00007ff986b9d000 	C:\WINDOWS\System32\msvcp_win.dll
0x00007ff987df0000 - 0x00007ff987e22000 	C:\WINDOWS\System32\IMM32.DLL
0x00007ff9820e0000 - 0x00007ff9820ec000 	C:\Program Files\Android\Android Studio\jbr\bin\vcruntime140_1.dll
0x00007ff95fdf0000 - 0x00007ff95fe7d000 	C:\Program Files\Android\Android Studio\jbr\bin\msvcp140.dll
0x00007ff8e5210000 - 0x00007ff8e5e93000 	C:\Program Files\Android\Android Studio\jbr\bin\server\jvm.dll
0x00007ff987fd0000 - 0x00007ff988080000 	C:\WINDOWS\System32\ADVAPI32.dll
0x00007ff987b10000 - 0x00007ff987bb0000 	C:\WINDOWS\System32\sechost.dll
0x00007ff9884a0000 - 0x00007ff9885c3000 	C:\WINDOWS\System32\RPCRT4.dll
0x00007ff9864a0000 - 0x00007ff9864c7000 	C:\WINDOWS\System32\bcrypt.dll
0x00007ff985e80000 - 0x00007ff985ecb000 	C:\WINDOWS\SYSTEM32\POWRPROF.dll
0x00007ff9711f0000 - 0x00007ff9711f9000 	C:\WINDOWS\SYSTEM32\WSOCK32.dll
0x00007ff97ffe0000 - 0x00007ff980007000 	C:\WINDOWS\SYSTEM32\WINMM.dll
0x00007ff9879d0000 - 0x00007ff987a3b000 	C:\WINDOWS\System32\WS2_32.dll
0x00007ff981420000 - 0x00007ff98142a000 	C:\WINDOWS\SYSTEM32\VERSION.dll
0x00007ff985e60000 - 0x00007ff985e72000 	C:\WINDOWS\SYSTEM32\UMPDC.dll
0x00007ff984270000 - 0x00007ff984282000 	C:\WINDOWS\SYSTEM32\kernel.appcore.dll
0x00007ff981a80000 - 0x00007ff981a8a000 	C:\Program Files\Android\Android Studio\jbr\bin\jimage.dll
0x00007ff981590000 - 0x00007ff981774000 	C:\WINDOWS\SYSTEM32\DBGHELP.DLL
0x00007ff9811e0000 - 0x00007ff981214000 	C:\WINDOWS\SYSTEM32\dbgcore.DLL
0x00007ff986c90000 - 0x00007ff986d12000 	C:\WINDOWS\System32\bcryptPrimitives.dll
0x00007ff96e470000 - 0x00007ff96e495000 	C:\Program Files\Android\Android Studio\jbr\bin\java.dll
0x00007ff977b80000 - 0x00007ff977b98000 	C:\Program Files\Android\Android Studio\jbr\bin\zip.dll
0x00007ff986f60000 - 0x00007ff9876cb000 	C:\WINDOWS\System32\SHELL32.dll
0x00007ff984550000 - 0x00007ff984cee000 	C:\WINDOWS\SYSTEM32\windows.storage.dll
0x00007ff9885d0000 - 0x00007ff988923000 	C:\WINDOWS\System32\combase.dll
0x00007ff985ed0000 - 0x00007ff985efe000 	C:\WINDOWS\SYSTEM32\Wldp.dll
0x00007ff987a40000 - 0x00007ff987b0d000 	C:\WINDOWS\System32\OLEAUT32.dll
0x00007ff988250000 - 0x00007ff9882fd000 	C:\WINDOWS\System32\SHCORE.dll
0x00007ff986f00000 - 0x00007ff986f55000 	C:\WINDOWS\System32\shlwapi.dll
0x00007ff9863d0000 - 0x00007ff9863f3000 	C:\WINDOWS\SYSTEM32\profapi.dll
0x00007ff9711b0000 - 0x00007ff9711c9000 	C:\Program Files\Android\Android Studio\jbr\bin\net.dll
0x00007ff97fa90000 - 0x00007ff97fb9a000 	C:\WINDOWS\SYSTEM32\WINHTTP.dll
0x00007ff985b60000 - 0x00007ff985bca000 	C:\WINDOWS\system32\mswsock.dll
0x00007ff970730000 - 0x00007ff970746000 	C:\Program Files\Android\Android Studio\jbr\bin\nio.dll
0x00007ff9804f0000 - 0x00007ff980500000 	C:\Program Files\Android\Android Studio\jbr\bin\verify.dll
0x00007ff96e440000 - 0x00007ff96e467000 	C:\Users\DELL\.gradle\native\68d5fa5c4cc2d200863cafc0d521ce42e7d3e7ee720ec0a83991735586a16f82\windows-amd64\native-platform.dll
0x00007ff981e50000 - 0x00007ff981e5a000 	C:\Users\DELL\.gradle\native\jansi\1.18\windows64\jansi.dll
0x00007ff97f960000 - 0x00007ff97f969000 	C:\Program Files\Android\Android Studio\jbr\bin\management.dll
0x00007ff97f3f0000 - 0x00007ff97f3fb000 	C:\Program Files\Android\Android Studio\jbr\bin\management_ext.dll
0x00007ff9876d0000 - 0x00007ff9876d8000 	C:\WINDOWS\System32\PSAPI.DLL
0x00007ff985d60000 - 0x00007ff985d78000 	C:\WINDOWS\SYSTEM32\CRYPTSP.dll
0x00007ff985480000 - 0x00007ff9854b4000 	C:\WINDOWS\system32\rsaenh.dll
0x00007ff986350000 - 0x00007ff98637e000 	C:\WINDOWS\SYSTEM32\USERENV.dll
0x00007ff985d50000 - 0x00007ff985d5c000 	C:\WINDOWS\SYSTEM32\CRYPTBASE.dll
0x00007ff985840000 - 0x00007ff98587b000 	C:\WINDOWS\SYSTEM32\IPHLPAPI.DLL
0x00007ff988da0000 - 0x00007ff988da8000 	C:\WINDOWS\System32\NSI.dll
0x00007ff980ce0000 - 0x00007ff980cf7000 	C:\WINDOWS\SYSTEM32\dhcpcsvc6.DLL
0x00007ff980c50000 - 0x00007ff980c6d000 	C:\WINDOWS\SYSTEM32\dhcpcsvc.DLL
0x00007ff985880000 - 0x00007ff98594b000 	C:\WINDOWS\SYSTEM32\DNSAPI.dll
0x00007ff9609b0000 - 0x00007ff9609b7000 	C:\WINDOWS\system32\wshunix.dll

dbghelp: loaded successfully - version: 4.0.5 - missing functions: none
symbol engine: initialized successfully - sym options: 0x614 - pdb path: .;C:\Program Files\Android\Android Studio\jbr\bin;C:\WINDOWS\SYSTEM32;C:\WINDOWS\WinSxS\amd64_microsoft.windows.common-controls_6595b64144ccf1df_6.0.19041.3636_none_60b6a03d71f818d5;C:\Program Files\Android\Android Studio\jbr\bin\server;C:\Users\DELL\.gradle\native\68d5fa5c4cc2d200863cafc0d521ce42e7d3e7ee720ec0a83991735586a16f82\windows-amd64;C:\Users\DELL\.gradle\native\jansi\1.18\windows64

VM Arguments:
jvm_args: -Xmx64m -Xms64m -Dorg.gradle.appname=gradlew 
java_command: org.gradle.wrapper.GradleWrapperMain app:assembleDebug -x lint -x test --configure-on-demand --build-cache -PreactNativeDevServerPort=8081
java_class_path (initial): D:\Social Sparsh\socialsparsh-test\android\\gradle\wrapper\gradle-wrapper.jar
Launcher Type: SUN_STANDARD

[Global flags]
     intx CICompilerCount                          = 3                                         {product} {ergonomic}
     uint ConcGCThreads                            = 1                                         {product} {ergonomic}
     uint G1ConcRefinementThreads                  = 4                                         {product} {ergonomic}
   size_t G1HeapRegionSize                         = 1048576                                   {product} {ergonomic}
    uintx GCDrainStackTargetSize                   = 64                                        {product} {ergonomic}
   size_t InitialHeapSize                          = 67108864                                  {product} {command line}
   size_t MarkStackSize                            = 4194304                                   {product} {ergonomic}
   size_t MaxHeapSize                              = 67108864                                  {product} {command line}
   size_t MaxNewSize                               = 39845888                                  {product} {ergonomic}
   size_t MinHeapDeltaBytes                        = 1048576                                   {product} {ergonomic}
   size_t MinHeapSize                              = 67108864                                  {product} {command line}
    uintx NonNMethodCodeHeapSize                   = 5832780                                {pd product} {ergonomic}
    uintx NonProfiledCodeHeapSize                  = 122912730                              {pd product} {ergonomic}
    uintx ProfiledCodeHeapSize                     = 122912730                              {pd product} {ergonomic}
    uintx ReservedCodeCacheSize                    = 251658240                              {pd product} {ergonomic}
     bool SegmentedCodeCache                       = true                                      {product} {ergonomic}
   size_t SoftMaxHeapSize                          = 67108864                               {manageable} {ergonomic}
     bool UseCompressedClassPointers               = true                           {product lp64_product} {ergonomic}
     bool UseCompressedOops                        = true                           {product lp64_product} {ergonomic}
     bool UseG1GC                                  = true                                      {product} {ergonomic}
     bool UseLargePagesIndividualAllocation        = false                                  {pd product} {ergonomic}

Logging:
Log output configuration:
 #0: stdout all=warning uptime,level,tags
 #1: stderr all=off uptime,level,tags

Environment Variables:
JAVA_HOME=C:\Program Files\Android\Android Studio\jbr
CLASSPATH=D:\Social Sparsh\socialsparsh-test\android\\gradle\wrapper\gradle-wrapper.jar
PATH=D:\Social Sparsh\socialsparsh-test\node_modules\.bin;D:\Social Sparsh\socialsparsh-test\node_modules\.bin;D:\Social Sparsh\node_modules\.bin;D:\node_modules\.bin;C:\Program Files\nodejs\node_modules\npm\node_modules\@npmcli\run-script\lib\node-gyp-bin;C:\WINDOWS\system32;C:\WINDOWS;C:\WINDOWS\System32\Wbem;C:\WINDOWS\System32\WindowsPowerShell\v1.0\;C:\WINDOWS\System32\OpenSSH\;C:\Program Files\Git\cmd;C:\Program Files\Notepad++;C:\Program Files\Perforce\;C:\Program Files\nodejs\;C:\Program Files\Azure Data Studio\bin;C:\Program Files\Microsoft SQL Server\Client SDK\ODBC\170\Tools\Binn\;C:\Program Files (x86)\Microsoft SQL Server\150\Tools\Binn\;C:\Program Files\Microsoft SQL Server\150\Tools\Binn\;C:\Program Files\Microsoft SQL Server\150\DTS\Binn\;C:\Program Files\Microsoft SQL Server\130\Tools\Binn\;C:\Program Files\dotnet\;C:\Users\DELL\AppData\Local\Microsoft\WindowsApps;C:\Program Files\Notepad++;C:\Program Files\Perforce;C:\Users\DELL\AppData\Roaming\npm;C:\Program Files\Azure Data Studio\bin;C:\Users\DELL\.dotnet\tools;C:\Users\DELL\AppData\Local\Programs\Microsoft VS Code\bin;C:\platform-tools;C:\Program Files\Android\Android Studio\jbr\bin;
USERNAME=Ravi
LANG=en_US.UTF-8
OS=Windows_NT
PROCESSOR_IDENTIFIER=Intel64 Family 6 Model 94 Stepping 3, GenuineIntel
TMP=C:\Users\DELL\AppData\Local\Temp
TEMP=C:\Users\DELL\AppData\Local\Temp



Periodic native trim disabled

JNI global refs:
JNI global refs: 19, weak refs: 0

JNI global refs memory usage: 843, weak refs: 841

OOME stack traces (most recent first):
Classloader memory used:
Loader bootstrap                                                                       : 1546K
Loader org.gradle.internal.classloader.VisitableURLClassLoader                         : 598K
Loader java.net.URLClassLoader                                                         : 28200B
Loader jdk.internal.loader.ClassLoaders$AppClassLoader                                 : 20441B
Loader jdk.internal.loader.ClassLoaders$PlatformClassLoader                            : 14152B
Loader jdk.internal.reflect.DelegatingClassLoader                                      : 540B

Classes loaded by more than one classloader:
Class org.gradle.internal.installation.GradleInstallation                             : loaded 2 times (x 73B)
Class org.gradle.cli.ParsedCommandLine                                                : loaded 2 times (x 78B)
Class org.gradle.internal.classpath.ClassPath                                         : loaded 2 times (x 68B)
Class org.gradle.api.Action                                                           : loaded 2 times (x 68B)
Class org.gradle.internal.installation.GradleInstallation$1                           : loaded 2 times (x 73B)
Class org.gradle.cli.CommandLineParser$AfterOptions                                   : loaded 2 times (x 75B)
Class org.gradle.cli.CommandLineParser$AfterFirstSubCommand                           : loaded 2 times (x 75B)
Class org.gradle.internal.service.UnknownServiceException                             : loaded 2 times (x 81B)
Class org.gradle.api.GradleException                                                  : loaded 2 times (x 80B)
Class org.gradle.api.internal.classpath.ModuleRegistry                                : loaded 2 times (x 68B)
Class org.gradle.cli.CommandLineParser$KnownOptionParserState                         : loaded 2 times (x 74B)
Class org.gradle.cli.AbstractPropertiesCommandLineConverter                           : loaded 2 times (x 81B)
Class org.gradle.api.specs.Spec                                                       : loaded 2 times (x 68B)
Class org.gradle.cli.SystemPropertiesCommandLineConverter                             : loaded 2 times (x 81B)
Class org.gradle.internal.IoActions                                                   : loaded 2 times (x 69B)
Class org.gradle.internal.installation.CurrentGradleInstallation                      : loaded 2 times (x 71B)
Class org.gradle.internal.installation.CurrentGradleInstallationLocator               : loaded 2 times (x 69B)
Class org.gradle.internal.classpath.DefaultClassPath                                  : loaded 2 times (x 88B)
Class org.gradle.cli.CommandLineParser                                                : loaded 2 times (x 77B)
Class org.gradle.cli.CommandLineParser$BeforeFirstSubCommand                          : loaded 2 times (x 75B)
Class org.gradle.cli.CommandLineOption                                                : loaded 2 times (x 84B)
Class org.gradle.cli.CommandLineParser$ParserState                                    : loaded 2 times (x 74B)
Class org.gradle.api.UncheckedIOException                                             : loaded 2 times (x 80B)
Class org.gradle.cli.ParsedCommandLineOption                                          : loaded 2 times (x 74B)
Class org.gradle.internal.classloader.ClasspathUtil                                   : loaded 2 times (x 69B)
Class org.gradle.cli.CommandLineParser$UnknownOptionParserState                       : loaded 2 times (x 74B)
Class org.gradle.internal.service.ServiceLookupException                              : loaded 2 times (x 80B)
Class org.gradle.util.internal.GUtil                                                  : loaded 2 times (x 69B)
Class org.gradle.cli.CommandLineParser$OptionAwareParserState                         : loaded 2 times (x 75B)
Class org.gradle.cli.CommandLineParser$OptionParserState                              : loaded 2 times (x 73B)
Class org.gradle.internal.Cast                                                        : loaded 2 times (x 69B)
Class org.gradle.cli.CommandLineConverter                                             : loaded 2 times (x 68B)
Class org.gradle.internal.InternalTransformer                                         : loaded 2 times (x 68B)
Class org.gradle.internal.classpath.DefaultClassPath$ImmutableUniqueList              : loaded 2 times (x 159B)
Class org.gradle.cli.AbstractCommandLineConverter                                     : loaded 2 times (x 77B)
Class org.gradle.cli.CommandLineArgumentException                                     : loaded 2 times (x 80B)


---------------  S Y S T E M  ---------------

OS:
 Windows 10 , 64 bit Build 19041 (10.0.19041.3636)
OS uptime: 0 days 15:23 hours

CPU: total 4 (initial active 4) (4 cores per cpu, 1 threads per core) family 6 model 94 stepping 3 microcode 0xcc, cx8, cmov, fxsr, mmx, 3dnowpref, sse, sse2, sse3, ssse3, sse4.1, sse4.2, popcnt, lzcnt, tsc, tscinvbit, avx, avx2, aes, erms, clmul, bmi1, bmi2, rtm, adx, fma, vzeroupper, clflush, clflushopt
Processor Information for all 4 processors :
  Max Mhz: 3192, Current Mhz: 3192, Mhz Limit: 3192

Memory: 4k page, system-wide physical 16284M (704M free)
TotalPageFile size 16284M (AvailPageFile size 5M)
current process WorkingSet (physical memory assigned to process): 92M, peak: 98M
current process commit charge ("private bytes"): 157M, peak: 165M

vm_info: OpenJDK 64-Bit Server VM (17.0.9+0--11185874) for windows-amd64 JRE (17.0.9+0--11185874), built on Dec  6 2023 18:57:44 by "androidbuild" with MS VC++ 16.10 / 16.11 (VS2019)

END.
